<?xml version="1.0" encoding="UTF-8"?>
<beans xmlns="http://www.springframework.org/schema/beans"
       xmlns:xsi="http://www.w3.org/2001/XMLSchema-instance" xmlns:ctx="http://www.springframework.org/schema/context"
       xmlns:s="http://www.springframework.org/schema/security"
       xmlns:http="http://cxf.apache.org/transports/http/configuration"
       xsi:schemaLocation="
        http://www.springframework.org/schema/context http://www.springframework.org/schema/context/spring-context.xsd
        http://cxf.apache.org/transports/http/configuration http://cxf.apache.org/schemas/configuration/http-conf.xsd
        http://www.springframework.org/schema/security http://www.springframework.org/schema/security/spring-security-3.1.xsd">

    <ctx:property-placeholder
            location="classpath:test.properties,classpath:valintakoelaskenta-test.properties"
            ignore-resource-not-found="true" properties-ref="defaultProps"/>

    <bean id="defaultProps" class="org.springframework.beans.factory.config.PropertiesFactoryBean" />
    
    <s:authentication-manager alias="authenticationManager">
    </s:authentication-manager>
    <bean id="accessDecisionManager" class="org.springframework.security.access.vote.AffirmativeBased">
        <constructor-arg>
            <list>
                <bean class="org.springframework.security.access.vote.RoleVoter"/>
            </list>
        </constructor-arg>
        <property name="allowIfAllAbstainDecisions" value="true"/>
    </bean>
</beans>
