<?xml version="1.0" encoding="UTF-8"?>
<beans xmlns="http://www.springframework.org/schema/beans"
       xmlns:xsi="http://www.w3.org/2001/XMLSchema-instance" xmlns:ctx="http://www.springframework.org/schema/context"
       xmlns:http="http://cxf.apache.org/transports/http/configuration"
       xsi:schemaLocation="
       http://www.springframework.org/schema/beans
       http://www.springframework.org/schema/beans/spring-bean.xsd
       http://www.springframework.org/schema/context http://www.springframework.org/schema/context/spring-context.xsd
       http://cxf.apache.org/transports/http/configuration http://cxf.apache.org/schemas/configuration/http-conf.xsd">

    <ctx:property-placeholder
            location="classpath:test.properties,classpath:valintakoelaskenta-test.properties"
            ignore-resource-not-found="true" properties-ref="defaultProps"/>

    <bean id="defaultProps" class="org.springframework.beans.factory.config.PropertiesFactoryBean" />
</beans>
