<?xml version="1.0" encoding="UTF-8"?>
<beans xmlns="http://www.springframework.org/schema/beans"
       xmlns:xsi="http://www.w3.org/2001/XMLSchema-instance" xmlns:ctx="http://www.springframework.org/schema/context"
       xmlns:http="http://cxf.apache.org/transports/http/configuration"
       xsi:schemaLocation="
       http://www.springframework.org/schema/beans
       http://www.springframework.org/schema/beans/spring-bean-4.0s.xsd
       http://www.springframework.org/schema/context http://www.springframework.org/schema/context/spring-context.xsd
       http://cxf.apache.org/transports/http/configuration http://cxf.apache.org/schemas/configuration/http-conf.xsd">
           
	<bean id="securityPreprocessor" class="fi.vm.sade.valinta.kooste.security.SecurityPreprocessor"/>
    <bean name="admin" class="fi.vm.sade.valinta.kooste.test.AuthPolicyMock" />
    <ctx:property-placeholder
            location="classpath:test.properties,classpath:valintakoelaskenta-test.properties"
            ignore-resource-not-found="true" properties-ref="defaultProps"/>

    <bean id="defaultProps" class="org.springframework.beans.factory.config.PropertiesFactoryBean" />
    <bean id="redeliveryPolicy" class="org.apache.camel.processor.RedeliveryPolicy">
		<property name="maximumRedeliveries" value="5" />
		<property name="redeliveryDelay" value="25" />
		<property name="retryAttemptedLogLevel" value="ERROR" />
	</bean>
</beans>
