<?xml version="1.0" encoding="UTF-8"?>
<beans xmlns="http://www.springframework.org/schema/beans"
       xmlns:xsi="http://www.w3.org/2001/XMLSchema-instance" xmlns:ctx="http://www.springframework.org/schema/context"
       xmlns:s="http://www.springframework.org/schema/security"
       xmlns:http="http://cxf.apache.org/transports/http/configuration"
       xsi:schemaLocation="
        http://www.springframework.org/schema/context http://www.springframework.org/schema/context/spring-context.xsd
        http://camel.apache.org/schema/spring-security http://camel.apache.org/schema/spring-security/camel-spring-security.xsd
        http://cxf.apache.org/transports/http/configuration http://cxf.apache.org/schemas/configuration/http-conf.xsd
        http://www.springframework.org/schema/security http://www.springframework.org/schema/security/spring-security-3.1.xsd">
           
	<bean id="securityPreprocessor" class="fi.vm.sade.valinta.kooste.security.SecurityPreprocessor"/>
    <bean name="admin" class="fi.vm.sade.valinta.kooste.test.AuthPolicyMock" />
    <ctx:property-placeholder
            location="classpath:test.properties,classpath:valintakoelaskenta-test.properties"
            ignore-resource-not-found="true" properties-ref="defaultProps"/>

    <bean id="defaultProps" class="org.springframework.beans.factory.config.PropertiesFactoryBean" />
    
    <s:authentication-manager alias="authenticationManager">
    </s:authentication-manager>
    <bean id="redeliveryPolicy" class="org.apache.camel.processor.RedeliveryPolicy">
		<property name="maximumRedeliveries" value="5" />
		<property name="redeliveryDelay" value="25" />
		<property name="retryAttemptedLogLevel" value="ERROR" />
	</bean>
    <bean id="accessDecisionManager" class="org.springframework.security.access.vote.AffirmativeBased">
        <constructor-arg>
            <list>
                <bean class="org.springframework.security.access.vote.RoleVoter"/>
            </list>
        </constructor-arg>
        <property name="allowIfAllAbstainDecisions" value="true"/>
    </bean>
    <authorizationPolicy id="admin" access="permitAll"
                         xmlns="http://camel.apache.org/schema/spring-security"/>
</beans>
