<?xml version="1.0" encoding="UTF-8"?>
<beans xmlns="http://www.springframework.org/schema/beans"
	xmlns:xsi="http://www.w3.org/2001/XMLSchema-instance" xmlns:ctx="http://www.springframework.org/schema/context"
	xmlns:cxf="http://camel.apache.org/schema/cxf" xmlns:beans="http://www.springframework.org/schema/beans"
	xmlns:camel="http://camel.apache.org/schema/spring" xmlns:jaxws="http://cxf.apache.org/jaxws"
	xsi:schemaLocation="
       http://camel.apache.org/schema/spring http://camel.apache.org/schema/spring/camel-spring.xsd
       http://www.springframework.org/schema/context http://www.springframework.org/schema/context/spring-context.xsd
       http://camel.apache.org/schema/cxf
       http://camel.apache.org/schema/cxf/camel-cxf.xsd
       http://www.springframework.org/schema/beans http://www.springframework.org/schema/beans/spring-beans-3.1.xsd
       http://cxf.apache.org/transports/camel http://cxf.apache.org/transports/camel.xsd http://cxf.apache.org/jaxws http://cxf.apache.org/schemas/jaxws.xsd">

	<ctx:annotation-config />
	<ctx:property-placeholder location="classpath:test.properties"/>
	<ctx:component-scan base-package="fi.vm.sade.valinta.kooste.hakutoiveet"/>

	<beans:import resource="classpath:META-INF/spring/context/camel-context.xml"/>

</beans>
