<?xml version="1.0" encoding="UTF-8"?>
<beans xmlns="http://www.springframework.org/schema/beans"
       xmlns:xsi="http://www.w3.org/2001/XMLSchema-instance" xmlns:ctx="http://www.springframework.org/schema/context"
       xmlns:beans="http://www.springframework.org/schema/beans"
       xmlns:cxf="http://camel.apache.org/schema/cxf"
       xmlns:jaxws="http://cxf.apache.org/jaxws"
       xmlns:s="http://www.springframework.org/schema/security"
       xmlns:jaxrs="http://cxf.apache.org/jaxrs"
       xmlns:util="http://www.springframework.org/schema/util"
       xmlns:http="http://cxf.apache.org/transports/http/configuration"
       xsi:schemaLocation="
           http://www.springframework.org/schema/context http://www.springframework.org/schema/context/spring-context.xsd
           http://www.springframework.org/schema/util http://www.springframework.org/schema/util/spring-util.xsd
           http://www.springframework.org/schema/beans http://www.springframework.org/schema/beans/spring-beans-3.1.xsd
           http://camel.apache.org/schema/cxf http://camel.apache.org/schema/cxf/camel-cxf.xsd
           http://camel.apache.org/schema/spring-security http://camel.apache.org/schema/spring-security/camel-spring-security.xsd
           http://cxf.apache.org/jaxws http://cxf.apache.org/schemas/jaxws.xsd
           http://cxf.apache.org/jaxrs http://cxf.apache.org/schemas/jaxrs.xsd
           http://cxf.apache.org/transports/http/configuration http://cxf.apache.org/schemas/configuration/http-conf.xsd
           http://www.springframework.org/schema/security http://www.springframework.org/schema/security/spring-security-3.1.xsd">
           
	<bean id="securityPreprocessor" class="fi.vm.sade.valinta.kooste.security.SecurityPreprocessor"/>
    <bean name="admin" class="fi.vm.sade.valinta.kooste.test.AuthPolicyMock" />
    <ctx:property-placeholder
            location="classpath:test.properties,classpath:valintakoelaskenta-test.properties"
            ignore-resource-not-found="true" properties-ref="defaultProps"/>

    <bean id="defaultProps" class="org.springframework.beans.factory.config.PropertiesFactoryBean" />
    <bean id="redeliveryPolicy" class="org.apache.camel.processor.RedeliveryPolicy">
		<property name="maximumRedeliveries" value="5" />
		<property name="redeliveryDelay" value="25" />
		<property name="retryAttemptedLogLevel" value="ERROR" />
	</bean>
</beans>
