<?xml version="1.0" encoding="UTF-8"?>
<beans xmlns="http://www.springframework.org/schema/beans"
       xmlns:xsi="http://www.w3.org/2001/XMLSchema-instance"
       xmlns:ctx="http://www.springframework.org/schema/context"
       xmlns:util="http://www.springframework.org/schema/util"
       xsi:schemaLocation="
       http://www.springframework.org/schema/beans http://www.springframework.org/schema/beans/spring-beans-3.1.xsd
       http://www.springframework.org/schema/context http://www.springframework.org/schema/context/spring-context.xsd
       http://www.springframework.org/schema/util http://www.springframework.org/schema/util/spring-util.xsd">
	<bean id="securityPreprocessor" class="fi.vm.sade.valinta.kooste.security.SecurityPreprocessor"/>
    <bean name="admin" class="fi.vm.sade.valinta.kooste.test.AuthPolicyMock" />
    <ctx:property-placeholder
            location="classpath:test.properties,classpath:valintakoelaskenta-test.properties"
            ignore-resource-not-found="true" properties-ref="defaultProps"/>

    <bean id="defaultProps" class="org.springframework.beans.factory.config.PropertiesFactoryBean" />
</beans>
